<?xml version="1.0" encoding="UTF-8"?>
<testsuite xmlns:xsi="http://www.w3.org/2001/XMLSchema-instance" xsi:noNamespaceSchemaLocation="https://maven.apache.org/surefire/maven-surefire-plugin/xsd/surefire-test-report-3.0.xsd" version="3.0" name="org.apache.druid.data.input.parquet.TimestampsParquetReaderTest" time="2.348" tests="1" errors="0" skipped="0" failures="0">
  <properties>
    <property name="awt.toolkit" value="sun.awt.X11.XToolkit"/>
    <property name="git.tags" value=""/>
    <property name="java.specification.version" value="11"/>
    <property name="nondexStart" value="0"/>
    <property name="sun.cpu.isalist" value=""/>
    <property name="druid.indexing.doubleStorage" value="double"/>
    <property name="sun.jnu.encoding" value="UTF-8"/>
    <property name="git.build.version" value="28.0.0-SNAPSHOT"/>
    <property name="java.class.path" value="/home/ycp2/druid/extensions-core/parquet-extensions/target/test-classes:/home/ycp2/druid/extensions-core/parquet-extensions/target/classes:/home/ycp2/.m2/repository/org/apache/druid/druid-processing/28.0.0-SNAPSHOT/druid-processing-28.0.0-SNAPSHOT.jar:/home/ycp2/.m2/repository/com/fasterxml/jackson/core/jackson-core/2.12.7/jackson-core-2.12.7.jar:/home/ycp2/.m2/repository/com/fasterxml/jackson/datatype/jackson-datatype-guava/2.12.7/jackson-datatype-guava-2.12.7.jar:/home/ycp2/.m2/repository/com/fasterxml/jackson/datatype/jackson-datatype-joda/2.12.7/jackson-datatype-joda-2.12.7.jar:/home/ycp2/.m2/repository/com/fasterxml/jackson/dataformat/jackson-dataformat-smile/2.12.7/jackson-dataformat-smile-2.12.7.jar:/home/ycp2/.m2/repository/org/skife/config/config-magic/0.9/config-magic-0.9.jar:/home/ycp2/.m2/repository/commons-io/commons-io/2.11.0/commons-io-2.11.0.jar:/home/ycp2/.m2/repository/commons-lang/commons-lang/2.6/commons-lang-2.6.jar:/home/ycp2/.m2/repository/org/apache/commons/commons-compress/1.23.0/commons-compress-1.23.0.jar:/home/ycp2/.m2/repository/org/apache/commons/commons-math3/3.6.1/commons-math3-3.6.1.jar:/home/ycp2/.m2/repository/org/apache/commons/commons-text/1.10.0/commons-text-1.10.0.jar:/home/ycp2/.m2/repository/com/google/inject/extensions/guice-multibindings/4.1.0/guice-multibindings-4.1.0.jar:/home/ycp2/.m2/repository/com/google/errorprone/error_prone_annotations/2.20.0/error_prone_annotations-2.20.0.jar:/home/ycp2/.m2/repository/jakarta/inject/jakarta.inject-api/1.0.3/jakarta.inject-api-1.0.3.jar:/home/ycp2/.m2/repository/jakarta/validation/jakarta.validation-api/2.0.2/jakarta.validation-api-2.0.2.jar:/home/ycp2/.m2/repository/org/ow2/asm/asm/9.3/asm-9.3.jar:/home/ycp2/.m2/repository/org/ow2/asm/asm-commons/9.3/asm-commons-9.3.jar:/home/ycp2/.m2/repository/org/ow2/asm/asm-tree/9.3/asm-tree-9.3.jar:/home/ycp2/.m2/repository/org/ow2/asm/asm-analysis/9.3/asm-analysis-9.3.jar:/home/ycp2/.m2/repository/org/checkerframework/checker-qual/2.5.7/checker-qual-2.5.7.jar:/home/ycp2/.m2/repository/org/apache/maven/maven-artifact/3.6.0/maven-artifact-3.6.0.jar:/home/ycp2/.m2/repository/org/codehaus/plexus/plexus-utils/3.0.24/plexus-utils-3.0.24.jar:/home/ycp2/.m2/repository/javax/el/javax.el-api/3.0.0/javax.el-api-3.0.0.jar:/home/ycp2/.m2/repository/org/glassfish/jakarta.el/3.0.4/jakarta.el-3.0.4.jar:/home/ycp2/.m2/repository/javax/xml/bind/jaxb-api/2.3.1/jaxb-api-2.3.1.jar:/home/ycp2/.m2/repository/javax/activation/javax.activation-api/1.2.0/javax.activation-api-1.2.0.jar:/home/ycp2/.m2/repository/org/jdbi/jdbi/2.63.1/jdbi-2.63.1.jar:/home/ycp2/.m2/repository/org/apache/logging/log4j/log4j-api/2.18.0/log4j-api-2.18.0.jar:/home/ycp2/.m2/repository/org/apache/logging/log4j/log4j-core/2.18.0/log4j-core-2.18.0.jar:/home/ycp2/.m2/repository/org/apache/logging/log4j/log4j-slf4j-impl/2.18.0/log4j-slf4j-impl-2.18.0.jar:/home/ycp2/.m2/repository/org/apache/logging/log4j/log4j-jul/2.18.0/log4j-jul-2.18.0.jar:/home/ycp2/.m2/repository/org/apache/logging/log4j/log4j-1.2-api/2.18.0/log4j-1.2-api-2.18.0.jar:/home/ycp2/.m2/repository/org/slf4j/slf4j-api/1.7.36/slf4j-api-1.7.36.jar:/home/ycp2/.m2/repository/org/slf4j/jcl-over-slf4j/1.7.36/jcl-over-slf4j-1.7.36.jar:/home/ycp2/.m2/repository/com/github/rvesse/airline/2.8.4/airline-2.8.4.jar:/home/ycp2/.m2/repository/com/github/rvesse/airline-io/2.8.4/airline-io-2.8.4.jar:/home/ycp2/.m2/repository/org/apache/commons/commons-collections4/4.2/commons-collections4-4.2.jar:/home/ycp2/.m2/repository/org/hibernate/validator/hibernate-validator/6.2.5.Final/hibernate-validator-6.2.5.Final.jar:/home/ycp2/.m2/repository/org/jboss/logging/jboss-logging/3.4.1.Final/jboss-logging-3.4.1.Final.jar:/home/ycp2/.m2/repository/com/fasterxml/classmate/1.5.1/classmate-1.5.1.jar:/home/ycp2/.m2/repository/io/netty/netty/3.10.6.Final/netty-3.10.6.Final.jar:/home/ycp2/.m2/repository/io/netty/netty-common/4.1.94.Final/netty-common-4.1.94.Final.jar:/home/ycp2/.m2/repository/io/netty/netty-buffer/4.1.94.Final/netty-buffer-4.1.94.Final.jar:/home/ycp2/.m2/repository/io/netty/netty-codec-http/4.1.94.Final/netty-codec-http-4.1.94.Final.jar:/home/ycp2/.m2/repository/io/netty/netty-transport/4.1.94.Final/netty-transport-4.1.94.Final.jar:/home/ycp2/.m2/repository/io/netty/netty-codec/4.1.94.Final/netty-codec-4.1.94.Final.jar:/home/ycp2/.m2/repository/org/roaringbitmap/RoaringBitmap/0.9.0/RoaringBitmap-0.9.0.jar:/home/ycp2/.m2/repository/org/roaringbitmap/shims/0.9.0/shims-0.9.0.jar:/home/ycp2/.m2/repository/it/unimi/dsi/fastutil/8.5.4/fastutil-8.5.4.jar:/home/ycp2/.m2/repository/it/unimi/dsi/fastutil-core/8.5.4/fastutil-core-8.5.4.jar:/home/ycp2/.m2/repository/it/unimi/dsi/fastutil-extra/8.5.4/fastutil-extra-8.5.4.jar:/home/ycp2/.m2/repository/org/antlr/antlr4-runtime/4.5.3/antlr4-runtime-4.5.3.jar:/home/ycp2/.m2/repository/com/ibm/icu/icu4j/73.2/icu4j-73.2.jar:/home/ycp2/.m2/repository/org/mozilla/rhino/1.7.14/rhino-1.7.14.jar:/home/ycp2/.m2/repository/com/ning/compress-lzf/1.0.4/compress-lzf-1.0.4.jar:/home/ycp2/.m2/repository/org/lz4/lz4-java/1.8.0/lz4-java-1.8.0.jar:/home/ycp2/.m2/repository/com/github/luben/zstd-jni/1.5.2-3/zstd-jni-1.5.2-3.jar:/home/ycp2/.m2/repository/org/tukaani/xz/1.9/xz-1.9.jar:/home/ycp2/.m2/repository/org/apache/datasketches/datasketches-java/4.1.0/datasketches-java-4.1.0.jar:/home/ycp2/.m2/repository/org/apache/datasketches/datasketches-memory/2.2.0/datasketches-memory-2.2.0.jar:/home/ycp2/.m2/repository/com/github/seancfoley/ipaddress/5.3.4/ipaddress-5.3.4.jar:/home/ycp2/.m2/repository/com/opencsv/opencsv/4.6/opencsv-4.6.jar:/home/ycp2/.m2/repository/commons-beanutils/commons-beanutils/1.9.4/commons-beanutils-1.9.4.jar:/home/ycp2/.m2/repository/commons-collections/commons-collections/3.2.2/commons-collections-3.2.2.jar:/home/ycp2/.m2/repository/net/thisptr/jackson-jq/0.0.10/jackson-jq-0.0.10.jar:/home/ycp2/.m2/repository/org/jruby/joni/joni/2.1.27/joni-2.1.27.jar:/home/ycp2/.m2/repository/org/jruby/jcodings/jcodings/1.0.43/jcodings-1.0.43.jar:/home/ycp2/.m2/repository/io/timeandspace/cron-scheduler/0.1/cron-scheduler-0.1.jar:/home/ycp2/.m2/repository/com/lmax/disruptor/3.3.6/disruptor-3.3.6.jar:/home/ycp2/.m2/repository/net/java/dev/jna/jna/5.13.0/jna-5.13.0.jar:/home/ycp2/.m2/repository/org/asynchttpclient/async-http-client/2.5.3/async-http-client-2.5.3.jar:/home/ycp2/.m2/repository/org/asynchttpclient/async-http-client-netty-utils/2.5.3/async-http-client-netty-utils-2.5.3.jar:/home/ycp2/.m2/repository/io/netty/netty-codec-socks/4.1.94.Final/netty-codec-socks-4.1.94.Final.jar:/home/ycp2/.m2/repository/io/netty/netty-handler-proxy/4.1.94.Final/netty-handler-proxy-4.1.94.Final.jar:/home/ycp2/.m2/repository/io/netty/netty-transport-native-epoll/4.1.94.Final/netty-transport-native-epoll-4.1.94.Final-linux-x86_64.jar:/home/ycp2/.m2/repository/io/netty/netty-transport-classes-epoll/4.1.94.Final/netty-transport-classes-epoll-4.1.94.Final.jar:/home/ycp2/.m2/repository/io/netty/netty-resolver-dns/4.1.94.Final/netty-resolver-dns-4.1.94.Final.jar:/home/ycp2/.m2/repository/io/netty/netty-codec-dns/4.1.94.Final/netty-codec-dns-4.1.94.Final.jar:/home/ycp2/.m2/repository/org/reactivestreams/reactive-streams/1.0.2/reactive-streams-1.0.2.jar:/home/ycp2/.m2/repository/com/typesafe/netty/netty-reactive-streams/2.0.0/netty-reactive-streams-2.0.0.jar:/home/ycp2/.m2/repository/com/sun/activation/javax.activation/1.2.0/javax.activation-1.2.0.jar:/home/ycp2/.m2/repository/org/hyperic/sigar/1.6.5.132/sigar-1.6.5.132.jar:/home/ycp2/.m2/repository/com/github/oshi/oshi-core/6.4.4/oshi-core-6.4.4.jar:/home/ycp2/.m2/repository/net/java/dev/jna/jna-platform/5.13.0/jna-platform-5.13.0.jar:/home/ycp2/.m2/repository/org/apache/druid/druid-server/28.0.0-SNAPSHOT/druid-server-28.0.0-SNAPSHOT.jar:/home/ycp2/.m2/repository/org/apache/druid/druid-aws-common/28.0.0-SNAPSHOT/druid-aws-common-28.0.0-SNAPSHOT.jar:/home/ycp2/.m2/repository/com/amazonaws/aws-java-sdk-ec2/1.12.497/aws-java-sdk-ec2-1.12.497.jar:/home/ycp2/.m2/repository/com/amazonaws/jmespath-java/1.12.497/jmespath-java-1.12.497.jar:/home/ycp2/.m2/repository/com/amazonaws/aws-java-sdk-s3/1.12.497/aws-java-sdk-s3-1.12.497.jar:/home/ycp2/.m2/repository/com/amazonaws/aws-java-sdk-kms/1.12.497/aws-java-sdk-kms-1.12.497.jar:/home/ycp2/.m2/repository/com/amazonaws/aws-java-sdk-core/1.12.497/aws-java-sdk-core-1.12.497.jar:/home/ycp2/.m2/repository/org/apache/httpcomponents/httpclient/4.5.13/httpclient-4.5.13.jar:/home/ycp2/.m2/repository/org/apache/httpcomponents/httpcore/4.4.11/httpcore-4.4.11.jar:/home/ycp2/.m2/repository/software/amazon/ion/ion-java/1.0.2/ion-java-1.0.2.jar:/home/ycp2/.m2/repository/com/fasterxml/jackson/dataformat/jackson-dataformat-cbor/2.12.7/jackson-dataformat-cbor-2.12.7.jar:/home/ycp2/.m2/repository/com/amazonaws/aws-java-sdk-sts/1.12.497/aws-java-sdk-sts-1.12.497.jar:/home/ycp2/.m2/repository/org/apache/druid/druid-gcp-common/28.0.0-SNAPSHOT/druid-gcp-common-28.0.0-SNAPSHOT.jar:/home/ycp2/.m2/repository/com/google/api-client/google-api-client/1.26.0/google-api-client-1.26.0.jar:/home/ycp2/.m2/repository/com/google/oauth-client/google-oauth-client/1.26.0/google-oauth-client-1.26.0.jar:/home/ycp2/.m2/repository/com/google/http-client/google-http-client-jackson2/1.26.0/google-http-client-jackson2-1.26.0.jar:/home/ycp2/.m2/repository/com/google/http-client/google-http-client/1.26.0/google-http-client-1.26.0.jar:/home/ycp2/.m2/repository/org/apache/zookeeper/zookeeper/3.5.10/zookeeper-3.5.10.jar:/home/ycp2/.m2/repository/org/apache/yetus/audience-annotations/0.5.0/audience-annotations-0.5.0.jar:/home/ycp2/.m2/repository/org/apache/zookeeper/zookeeper-jute/3.5.10/zookeeper-jute-3.5.10.jar:/home/ycp2/.m2/repository/org/apache/curator/curator-framework/5.5.0/curator-framework-5.5.0.jar:/home/ycp2/.m2/repository/org/apache/curator/curator-x-discovery/5.5.0/curator-x-discovery-5.5.0.jar:/home/ycp2/.m2/repository/com/fasterxml/jackson/jaxrs/jackson-jaxrs-json-provider/2.12.7/jackson-jaxrs-json-provider-2.12.7.jar:/home/ycp2/.m2/repository/com/fasterxml/jackson/jaxrs/jackson-jaxrs-base/2.12.7/jackson-jaxrs-base-2.12.7.jar:/home/ycp2/.m2/repository/com/fasterxml/jackson/module/jackson-module-jaxb-annotations/2.12.7/jackson-module-jaxb-annotations-2.12.7.jar:/home/ycp2/.m2/repository/jakarta/xml/bind/jakarta.xml.bind-api/2.3.2/jakarta.xml.bind-api-2.3.2.jar:/home/ycp2/.m2/repository/jakarta/activation/jakarta.activation-api/1.2.1/jakarta.activation-api-1.2.1.jar:/home/ycp2/.m2/repository/com/fasterxml/jackson/jaxrs/jackson-jaxrs-smile-provider/2.12.7/jackson-jaxrs-smile-provider-2.12.7.jar:/home/ycp2/.m2/repository/com/sun/jersey/jersey-server/1.19.4/jersey-server-1.19.4.jar:/home/ycp2/.m2/repository/com/sun/jersey/jersey-core/1.19.4/jersey-core-1.19.4.jar:/home/ycp2/.m2/repository/com/google/inject/extensions/guice-servlet/4.1.0/guice-servlet-4.1.0.jar:/home/ycp2/.m2/repository/com/sun/jersey/contribs/jersey-guice/1.19.4/jersey-guice-1.19.4.jar:/home/ycp2/.m2/repository/org/eclipse/jetty/jetty-server/9.4.51.v20230217/jetty-server-9.4.51.v20230217.jar:/home/ycp2/.m2/repository/org/eclipse/jetty/jetty-util/9.4.51.v20230217/jetty-util-9.4.51.v20230217.jar:/home/ycp2/.m2/repository/org/eclipse/jetty/jetty-proxy/9.4.51.v20230217/jetty-proxy-9.4.51.v20230217.jar:/home/ycp2/.m2/repository/org/eclipse/jetty/jetty-rewrite/9.4.51.v20230217/jetty-rewrite-9.4.51.v20230217.jar:/home/ycp2/.m2/repository/io/tesla/aether/tesla-aether/0.0.5/tesla-aether-0.0.5.jar:/home/ycp2/.m2/repository/org/eclipse/aether/aether-api/0.9.0.M2/aether-api-0.9.0.M2.jar:/home/ycp2/.m2/repository/org/eclipse/aether/aether-spi/0.9.0.M2/aether-spi-0.9.0.M2.jar:/home/ycp2/.m2/repository/org/eclipse/aether/aether-util/0.9.0.M2/aether-util-0.9.0.M2.jar:/home/ycp2/.m2/repository/org/eclipse/aether/aether-impl/0.9.0.M2/aether-impl-0.9.0.M2.jar:/home/ycp2/.m2/repository/org/eclipse/aether/aether-connector-file/0.9.0.M2/aether-connector-file-0.9.0.M2.jar:/home/ycp2/.m2/repository/io/tesla/aether/aether-connector-okhttp/0.0.9/aether-connector-okhttp-0.0.9.jar:/home/ycp2/.m2/repository/com/squareup/okhttp/okhttp/1.0.2/okhttp-1.0.2.jar:/home/ycp2/.m2/repository/org/apache/maven/wagon/wagon-provider-api/2.4/wagon-provider-api-2.4.jar:/home/ycp2/.m2/repository/org/apache/maven/maven-aether-provider/3.1.1/maven-aether-provider-3.1.1.jar:/home/ycp2/.m2/repository/org/apache/maven/maven-model/3.1.1/maven-model-3.1.1.jar:/home/ycp2/.m2/repository/org/apache/maven/maven-model-builder/3.1.1/maven-model-builder-3.1.1.jar:/home/ycp2/.m2/repository/org/apache/maven/maven-repository-metadata/3.1.1/maven-repository-metadata-3.1.1.jar:/home/ycp2/.m2/repository/org/apache/maven/maven-settings-builder/3.1.1/maven-settings-builder-3.1.1.jar:/home/ycp2/.m2/repository/org/codehaus/plexus/plexus-interpolation/1.19/plexus-interpolation-1.19.jar:/home/ycp2/.m2/repository/org/apache/maven/maven-settings/3.1.1/maven-settings-3.1.1.jar:/home/ycp2/.m2/repository/net/spy/spymemcached/2.12.3/spymemcached-2.12.3.jar:/home/ycp2/.m2/repository/org/eclipse/jetty/jetty-servlet/9.4.51.v20230217/jetty-servlet-9.4.51.v20230217.jar:/home/ycp2/.m2/repository/org/eclipse/jetty/jetty-security/9.4.51.v20230217/jetty-security-9.4.51.v20230217.jar:/home/ycp2/.m2/repository/org/eclipse/jetty/jetty-util-ajax/9.4.51.v20230217/jetty-util-ajax-9.4.51.v20230217.jar:/home/ycp2/.m2/repository/org/eclipse/jetty/jetty-servlets/9.4.51.v20230217/jetty-servlets-9.4.51.v20230217.jar:/home/ycp2/.m2/repository/org/eclipse/jetty/jetty-continuation/9.4.51.v20230217/jetty-continuation-9.4.51.v20230217.jar:/home/ycp2/.m2/repository/org/apache/derby/derby/10.14.2.0/derby-10.14.2.0.jar:/home/ycp2/.m2/repository/org/apache/derby/derbynet/10.14.2.0/derbynet-10.14.2.0.jar:/home/ycp2/.m2/repository/org/apache/derby/derbyclient/10.14.2.0/derbyclient-10.14.2.0.jar:/home/ycp2/.m2/repository/com/github/ben-manes/caffeine/caffeine/2.8.0/caffeine-2.8.0.jar:/home/ycp2/.m2/repository/org/apache/commons/commons-dbcp2/2.0.1/commons-dbcp2-2.0.1.jar:/home/ycp2/.m2/repository/org/apache/commons/commons-pool2/2.2/commons-pool2-2.2.jar:/home/ycp2/.m2/repository/org/apache/curator/curator-client/5.5.0/curator-client-5.5.0.jar:/home/ycp2/.m2/repository/commons-codec/commons-codec/1.13/commons-codec-1.13.jar:/home/ycp2/.m2/repository/org/eclipse/jetty/jetty-io/9.4.51.v20230217/jetty-io-9.4.51.v20230217.jar:/home/ycp2/.m2/repository/io/netty/netty-handler/4.1.94.Final/netty-handler-4.1.94.Final.jar:/home/ycp2/.m2/repository/io/netty/netty-resolver/4.1.94.Final/netty-resolver-4.1.94.Final.jar:/home/ycp2/.m2/repository/io/netty/netty-transport-native-unix-common/4.1.94.Final/netty-transport-native-unix-common-4.1.94.Final.jar:/home/ycp2/.m2/repository/org/apache/curator/curator-recipes/5.5.0/curator-recipes-5.5.0.jar:/home/ycp2/.m2/repository/com/sun/jersey/jersey-servlet/1.19.4/jersey-servlet-1.19.4.jar:/home/ycp2/.m2/repository/org/eclipse/jetty/jetty-client/9.4.51.v20230217/jetty-client-9.4.51.v20230217.jar:/home/ycp2/.m2/repository/javax/ws/rs/jsr311-api/1.1.1/jsr311-api-1.1.1.jar:/home/ycp2/.m2/repository/javax/servlet/javax.servlet-api/3.1.0/javax.servlet-api-3.1.0.jar:/home/ycp2/.m2/repository/org/eclipse/jetty/jetty-http/9.4.51.v20230217/jetty-http-9.4.51.v20230217.jar:/home/ycp2/.m2/repository/io/github/resilience4j/resilience4j-bulkhead/1.3.1/resilience4j-bulkhead-1.3.1.jar:/home/ycp2/.m2/repository/io/vavr/vavr/0.10.2/vavr-0.10.2.jar:/home/ycp2/.m2/repository/io/vavr/vavr-match/0.10.2/vavr-match-0.10.2.jar:/home/ycp2/.m2/repository/io/github/resilience4j/resilience4j-core/1.3.1/resilience4j-core-1.3.1.jar:/home/ycp2/.m2/repository/com/fasterxml/jackson/module/jackson-module-guice/2.12.7/jackson-module-guice-2.12.7.jar:/home/ycp2/.m2/repository/org/apache/commons/commons-lang3/3.12.0/commons-lang3-3.12.0.jar:/home/ycp2/.m2/repository/org/apache/druid/extensions/druid-avro-extensions/28.0.0-SNAPSHOT/druid-avro-extensions-28.0.0-SNAPSHOT.jar:/home/ycp2/.m2/repository/org/apache/avro/avro-mapred/1.11.1/avro-mapred-1.11.1.jar:/home/ycp2/.m2/repository/org/apache/avro/avro-ipc/1.11.1/avro-ipc-1.11.1.jar:/home/ycp2/.m2/repository/org/apache/velocity/velocity-engine-core/2.3/velocity-engine-core-2.3.jar:/home/ycp2/.m2/repository/javax/annotation/javax.annotation-api/1.3.2/javax.annotation-api-1.3.2.jar:/home/ycp2/.m2/repository/org/apache/avro/avro-ipc-jetty/1.11.1/avro-ipc-jetty-1.11.1.jar:/home/ycp2/.m2/repository/org/schemarepo/schema-repo-api/0.1.3/schema-repo-api-0.1.3.jar:/home/ycp2/.m2/repository/org/schemarepo/schema-repo-client/0.1.3/schema-repo-client-0.1.3.jar:/home/ycp2/.m2/repository/com/sun/jersey/jersey-client/1.19.4/jersey-client-1.19.4.jar:/home/ycp2/.m2/repository/org/schemarepo/schema-repo-avro/0.1.3/schema-repo-avro-0.1.3.jar:/home/ycp2/.m2/repository/io/confluent/kafka-schema-registry-client/5.5.12/kafka-schema-registry-client-5.5.12.jar:/home/ycp2/.m2/repository/org/apache/kafka/kafka-clients/5.5.12-ccs/kafka-clients-5.5.12-ccs.jar:/home/ycp2/.m2/repository/io/confluent/common-config/5.5.12/common-config-5.5.12.jar:/home/ycp2/.m2/repository/io/swagger/swagger-annotations/1.6.2/swagger-annotations-1.6.2.jar:/home/ycp2/.m2/repository/io/swagger/swagger-core/1.6.2/swagger-core-1.6.2.jar:/home/ycp2/.m2/repository/com/fasterxml/jackson/dataformat/jackson-dataformat-yaml/2.12.7/jackson-dataformat-yaml-2.12.7.jar:/home/ycp2/.m2/repository/org/yaml/snakeyaml/1.33/snakeyaml-1.33.jar:/home/ycp2/.m2/repository/io/swagger/swagger-models/1.6.2/swagger-models-1.6.2.jar:/home/ycp2/.m2/repository/io/confluent/common-utils/5.5.12/common-utils-5.5.12.jar:/home/ycp2/.m2/repository/org/schemarepo/schema-repo-common/0.1.3/schema-repo-common-0.1.3.jar:/home/ycp2/.m2/repository/com/google/code/gson/gson/2.3.1/gson-2.3.1.jar:/home/ycp2/.m2/repository/org/apache/parquet/parquet-column/1.13.0/parquet-column-1.13.0.jar:/home/ycp2/.m2/repository/org/apache/parquet/parquet-common/1.13.0/parquet-common-1.13.0.jar:/home/ycp2/.m2/repository/org/apache/parquet/parquet-encoding/1.13.0/parquet-encoding-1.13.0.jar:/home/ycp2/.m2/repository/org/apache/parquet/parquet-avro/1.13.0/parquet-avro-1.13.0.jar:/home/ycp2/.m2/repository/org/apache/parquet/parquet-hadoop/1.13.0/parquet-hadoop-1.13.0.jar:/home/ycp2/.m2/repository/org/apache/parquet/parquet-format-structures/1.13.0/parquet-format-structures-1.13.0.jar:/home/ycp2/.m2/repository/org/apache/parquet/parquet-jackson/1.13.0/parquet-jackson-1.13.0.jar:/home/ycp2/.m2/repository/org/xerial/snappy/snappy-java/1.1.10.3/snappy-java-1.1.10.3.jar:/home/ycp2/.m2/repository/io/airlift/aircompressor/0.21/aircompressor-0.21.jar:/home/ycp2/.m2/repository/org/apache/druid/druid-indexing-hadoop/28.0.0-SNAPSHOT/druid-indexing-hadoop-28.0.0-SNAPSHOT.jar:/home/ycp2/.m2/repository/com/google/code/findbugs/jsr305/2.0.1/jsr305-2.0.1.jar:/home/ycp2/.m2/repository/com/jayway/jsonpath/json-path/2.3.0/json-path-2.3.0.jar:/home/ycp2/.m2/repository/net/minidev/json-smart/2.4.11/json-smart-2.4.11.jar:/home/ycp2/.m2/repository/net/minidev/accessors-smart/2.4.11/accessors-smart-2.4.11.jar:/home/ycp2/.m2/repository/com/fasterxml/jackson/core/jackson-annotations/2.12.7/jackson-annotations-2.12.7.jar:/home/ycp2/.m2/repository/joda-time/joda-time/2.12.5/joda-time-2.12.5.jar:/home/ycp2/.m2/repository/com/google/inject/guice/4.1.0/guice-4.1.0.jar:/home/ycp2/.m2/repository/javax/inject/javax.inject/1/javax.inject-1.jar:/home/ycp2/.m2/repository/aopalliance/aopalliance/1.0/aopalliance-1.0.jar:/home/ycp2/.m2/repository/com/fasterxml/jackson/core/jackson-databind/2.12.7/jackson-databind-2.12.7.jar:/home/ycp2/.m2/repository/com/google/guava/guava/31.1-jre/guava-31.1-jre.jar:/home/ycp2/.m2/repository/com/google/guava/failureaccess/1.0.1/failureaccess-1.0.1.jar:/home/ycp2/.m2/repository/com/google/j2objc/j2objc-annotations/1.3/j2objc-annotations-1.3.jar:/home/ycp2/.m2/repository/org/apache/directory/api/api-util/2.1.3/api-util-2.1.3.jar:/home/ycp2/.m2/repository/org/apache/directory/api/api-i18n/2.1.3/api-i18n-2.1.3.jar:/home/ycp2/.m2/repository/org/apache/avro/avro/1.11.1/avro-1.11.1.jar:/home/ycp2/.m2/repository/junit/junit/4.13.2/junit-4.13.2.jar:/home/ycp2/.m2/repository/org/hamcrest/hamcrest-core/1.3/hamcrest-core-1.3.jar:/home/ycp2/.m2/repository/org/apache/druid/druid-processing/28.0.0-SNAPSHOT/druid-processing-28.0.0-SNAPSHOT-tests.jar:/home/ycp2/.m2/repository/org/json/json/20210307/json-20210307.jar:/home/ycp2/.m2/repository/org/skyscreamer/jsonassert/1.5.1/jsonassert-1.5.1.jar:/home/ycp2/.m2/repository/com/vaadin/external/google/android-json/0.0.20131108.vaadin1/android-json-0.0.20131108.vaadin1.jar:/home/ycp2/.m2/repository/org/apache/hadoop/hadoop-client-api/3.3.6/hadoop-client-api-3.3.6.jar:/home/ycp2/.m2/repository/org/apache/hadoop/hadoop-client-runtime/3.3.6/hadoop-client-runtime-3.3.6.jar:/home/ycp2/.m2/repository/commons-logging/commons-logging/1.1.1/commons-logging-1.1.1.jar:"/>
    <property name="git.branch" value="fix-flaky"/>
    <property name="java.vm.vendor" value="Ubuntu"/>
    <property name="nondexPrintstack" value="false"/>
    <property name="sun.arch.data.model" value="64"/>
    <property name="git.commit.id" value="ad32f8458670339808a3136a9578a10a52b8394f"/>
    <property name="nondexRuns" value="100"/>
    <property name="java.vendor.url" value="https://ubuntu.com/"/>
    <property name="user.timezone" value="UTC"/>
    <property name="os.name" value="Linux"/>
    <property name="java.vm.specification.version" value="11"/>
    <property name="git.commit.author.time" value="2023-08-25T02:47:38+0000"/>
    <property name="sun.java.launcher" value="SUN_STANDARD"/>
    <property name="git.build.user.name" value=""/>
    <property name="sun.boot.library.path" value="/usr/lib/jvm/java-11-openjdk-amd64/lib"/>
    <property name="sun.java.command" value="/home/ycp2/druid/extensions-core/parquet-extensions/target/surefire/surefirebooter-20230901200845316_319.jar /home/ycp2/druid/extensions-core/parquet-extensions/target/surefire 2023-09-01T20-08-45_215-jvmRun1 surefire-20230901200845316_317tmp surefire_79-20230901200845316_318tmp"/>
    <property name="nondexLogging" value="CONFIG"/>
    <property name="jdk.debug" value="release"/>
    <property name="surefire.test.class.path" value="/home/ycp2/druid/extensions-core/parquet-extensions/target/test-classes:/home/ycp2/druid/extensions-core/parquet-extensions/target/classes:/home/ycp2/.m2/repository/org/apache/druid/druid-processing/28.0.0-SNAPSHOT/druid-processing-28.0.0-SNAPSHOT.jar:/home/ycp2/.m2/repository/com/fasterxml/jackson/core/jackson-core/2.12.7/jackson-core-2.12.7.jar:/home/ycp2/.m2/repository/com/fasterxml/jackson/datatype/jackson-datatype-guava/2.12.7/jackson-datatype-guava-2.12.7.jar:/home/ycp2/.m2/repository/com/fasterxml/jackson/datatype/jackson-datatype-joda/2.12.7/jackson-datatype-joda-2.12.7.jar:/home/ycp2/.m2/repository/com/fasterxml/jackson/dataformat/jackson-dataformat-smile/2.12.7/jackson-dataformat-smile-2.12.7.jar:/home/ycp2/.m2/repository/org/skife/config/config-magic/0.9/config-magic-0.9.jar:/home/ycp2/.m2/repository/commons-io/commons-io/2.11.0/commons-io-2.11.0.jar:/home/ycp2/.m2/repository/commons-lang/commons-lang/2.6/commons-lang-2.6.jar:/home/ycp2/.m2/repository/org/apache/commons/commons-compress/1.23.0/commons-compress-1.23.0.jar:/home/ycp2/.m2/repository/org/apache/commons/commons-math3/3.6.1/commons-math3-3.6.1.jar:/home/ycp2/.m2/repository/org/apache/commons/commons-text/1.10.0/commons-text-1.10.0.jar:/home/ycp2/.m2/repository/com/google/inject/extensions/guice-multibindings/4.1.0/guice-multibindings-4.1.0.jar:/home/ycp2/.m2/repository/com/google/errorprone/error_prone_annotations/2.20.0/error_prone_annotations-2.20.0.jar:/home/ycp2/.m2/repository/jakarta/inject/jakarta.inject-api/1.0.3/jakarta.inject-api-1.0.3.jar:/home/ycp2/.m2/repository/jakarta/validation/jakarta.validation-api/2.0.2/jakarta.validation-api-2.0.2.jar:/home/ycp2/.m2/repository/org/ow2/asm/asm/9.3/asm-9.3.jar:/home/ycp2/.m2/repository/org/ow2/asm/asm-commons/9.3/asm-commons-9.3.jar:/home/ycp2/.m2/repository/org/ow2/asm/asm-tree/9.3/asm-tree-9.3.jar:/home/ycp2/.m2/repository/org/ow2/asm/asm-analysis/9.3/asm-analysis-9.3.jar:/home/ycp2/.m2/repository/org/checkerframework/checker-qual/2.5.7/checker-qual-2.5.7.jar:/home/ycp2/.m2/repository/org/apache/maven/maven-artifact/3.6.0/maven-artifact-3.6.0.jar:/home/ycp2/.m2/repository/org/codehaus/plexus/plexus-utils/3.0.24/plexus-utils-3.0.24.jar:/home/ycp2/.m2/repository/javax/el/javax.el-api/3.0.0/javax.el-api-3.0.0.jar:/home/ycp2/.m2/repository/org/glassfish/jakarta.el/3.0.4/jakarta.el-3.0.4.jar:/home/ycp2/.m2/repository/javax/xml/bind/jaxb-api/2.3.1/jaxb-api-2.3.1.jar:/home/ycp2/.m2/repository/javax/activation/javax.activation-api/1.2.0/javax.activation-api-1.2.0.jar:/home/ycp2/.m2/repository/org/jdbi/jdbi/2.63.1/jdbi-2.63.1.jar:/home/ycp2/.m2/repository/org/apache/logging/log4j/log4j-api/2.18.0/log4j-api-2.18.0.jar:/home/ycp2/.m2/repository/org/apache/logging/log4j/log4j-core/2.18.0/log4j-core-2.18.0.jar:/home/ycp2/.m2/repository/org/apache/logging/log4j/log4j-slf4j-impl/2.18.0/log4j-slf4j-impl-2.18.0.jar:/home/ycp2/.m2/repository/org/apache/logging/log4j/log4j-jul/2.18.0/log4j-jul-2.18.0.jar:/home/ycp2/.m2/repository/org/apache/logging/log4j/log4j-1.2-api/2.18.0/log4j-1.2-api-2.18.0.jar:/home/ycp2/.m2/repository/org/slf4j/slf4j-api/1.7.36/slf4j-api-1.7.36.jar:/home/ycp2/.m2/repository/org/slf4j/jcl-over-slf4j/1.7.36/jcl-over-slf4j-1.7.36.jar:/home/ycp2/.m2/repository/com/github/rvesse/airline/2.8.4/airline-2.8.4.jar:/home/ycp2/.m2/repository/com/github/rvesse/airline-io/2.8.4/airline-io-2.8.4.jar:/home/ycp2/.m2/repository/org/apache/commons/commons-collections4/4.2/commons-collections4-4.2.jar:/home/ycp2/.m2/repository/org/hibernate/validator/hibernate-validator/6.2.5.Final/hibernate-validator-6.2.5.Final.jar:/home/ycp2/.m2/repository/org/jboss/logging/jboss-logging/3.4.1.Final/jboss-logging-3.4.1.Final.jar:/home/ycp2/.m2/repository/com/fasterxml/classmate/1.5.1/classmate-1.5.1.jar:/home/ycp2/.m2/repository/io/netty/netty/3.10.6.Final/netty-3.10.6.Final.jar:/home/ycp2/.m2/repository/io/netty/netty-common/4.1.94.Final/netty-common-4.1.94.Final.jar:/home/ycp2/.m2/repository/io/netty/netty-buffer/4.1.94.Final/netty-buffer-4.1.94.Final.jar:/home/ycp2/.m2/repository/io/netty/netty-codec-http/4.1.94.Final/netty-codec-http-4.1.94.Final.jar:/home/ycp2/.m2/repository/io/netty/netty-transport/4.1.94.Final/netty-transport-4.1.94.Final.jar:/home/ycp2/.m2/repository/io/netty/netty-codec/4.1.94.Final/netty-codec-4.1.94.Final.jar:/home/ycp2/.m2/repository/org/roaringbitmap/RoaringBitmap/0.9.0/RoaringBitmap-0.9.0.jar:/home/ycp2/.m2/repository/org/roaringbitmap/shims/0.9.0/shims-0.9.0.jar:/home/ycp2/.m2/repository/it/unimi/dsi/fastutil/8.5.4/fastutil-8.5.4.jar:/home/ycp2/.m2/repository/it/unimi/dsi/fastutil-core/8.5.4/fastutil-core-8.5.4.jar:/home/ycp2/.m2/repository/it/unimi/dsi/fastutil-extra/8.5.4/fastutil-extra-8.5.4.jar:/home/ycp2/.m2/repository/org/antlr/antlr4-runtime/4.5.3/antlr4-runtime-4.5.3.jar:/home/ycp2/.m2/repository/com/ibm/icu/icu4j/73.2/icu4j-73.2.jar:/home/ycp2/.m2/repository/org/mozilla/rhino/1.7.14/rhino-1.7.14.jar:/home/ycp2/.m2/repository/com/ning/compress-lzf/1.0.4/compress-lzf-1.0.4.jar:/home/ycp2/.m2/repository/org/lz4/lz4-java/1.8.0/lz4-java-1.8.0.jar:/home/ycp2/.m2/repository/com/github/luben/zstd-jni/1.5.2-3/zstd-jni-1.5.2-3.jar:/home/ycp2/.m2/repository/org/tukaani/xz/1.9/xz-1.9.jar:/home/ycp2/.m2/repository/org/apache/datasketches/datasketches-java/4.1.0/datasketches-java-4.1.0.jar:/home/ycp2/.m2/repository/org/apache/datasketches/datasketches-memory/2.2.0/datasketches-memory-2.2.0.jar:/home/ycp2/.m2/repository/com/github/seancfoley/ipaddress/5.3.4/ipaddress-5.3.4.jar:/home/ycp2/.m2/repository/com/opencsv/opencsv/4.6/opencsv-4.6.jar:/home/ycp2/.m2/repository/commons-beanutils/commons-beanutils/1.9.4/commons-beanutils-1.9.4.jar:/home/ycp2/.m2/repository/commons-collections/commons-collections/3.2.2/commons-collections-3.2.2.jar:/home/ycp2/.m2/repository/net/thisptr/jackson-jq/0.0.10/jackson-jq-0.0.10.jar:/home/ycp2/.m2/repository/org/jruby/joni/joni/2.1.27/joni-2.1.27.jar:/home/ycp2/.m2/repository/org/jruby/jcodings/jcodings/1.0.43/jcodings-1.0.43.jar:/home/ycp2/.m2/repository/io/timeandspace/cron-scheduler/0.1/cron-scheduler-0.1.jar:/home/ycp2/.m2/repository/com/lmax/disruptor/3.3.6/disruptor-3.3.6.jar:/home/ycp2/.m2/repository/net/java/dev/jna/jna/5.13.0/jna-5.13.0.jar:/home/ycp2/.m2/repository/org/asynchttpclient/async-http-client/2.5.3/async-http-client-2.5.3.jar:/home/ycp2/.m2/repository/org/asynchttpclient/async-http-client-netty-utils/2.5.3/async-http-client-netty-utils-2.5.3.jar:/home/ycp2/.m2/repository/io/netty/netty-codec-socks/4.1.94.Final/netty-codec-socks-4.1.94.Final.jar:/home/ycp2/.m2/repository/io/netty/netty-handler-proxy/4.1.94.Final/netty-handler-proxy-4.1.94.Final.jar:/home/ycp2/.m2/repository/io/netty/netty-transport-native-epoll/4.1.94.Final/netty-transport-native-epoll-4.1.94.Final-linux-x86_64.jar:/home/ycp2/.m2/repository/io/netty/netty-transport-classes-epoll/4.1.94.Final/netty-transport-classes-epoll-4.1.94.Final.jar:/home/ycp2/.m2/repository/io/netty/netty-resolver-dns/4.1.94.Final/netty-resolver-dns-4.1.94.Final.jar:/home/ycp2/.m2/repository/io/netty/netty-codec-dns/4.1.94.Final/netty-codec-dns-4.1.94.Final.jar:/home/ycp2/.m2/repository/org/reactivestreams/reactive-streams/1.0.2/reactive-streams-1.0.2.jar:/home/ycp2/.m2/repository/com/typesafe/netty/netty-reactive-streams/2.0.0/netty-reactive-streams-2.0.0.jar:/home/ycp2/.m2/repository/com/sun/activation/javax.activation/1.2.0/javax.activation-1.2.0.jar:/home/ycp2/.m2/repository/org/hyperic/sigar/1.6.5.132/sigar-1.6.5.132.jar:/home/ycp2/.m2/repository/com/github/oshi/oshi-core/6.4.4/oshi-core-6.4.4.jar:/home/ycp2/.m2/repository/net/java/dev/jna/jna-platform/5.13.0/jna-platform-5.13.0.jar:/home/ycp2/.m2/repository/org/apache/druid/druid-server/28.0.0-SNAPSHOT/druid-server-28.0.0-SNAPSHOT.jar:/home/ycp2/.m2/repository/org/apache/druid/druid-aws-common/28.0.0-SNAPSHOT/druid-aws-common-28.0.0-SNAPSHOT.jar:/home/ycp2/.m2/repository/com/amazonaws/aws-java-sdk-ec2/1.12.497/aws-java-sdk-ec2-1.12.497.jar:/home/ycp2/.m2/repository/com/amazonaws/jmespath-java/1.12.497/jmespath-java-1.12.497.jar:/home/ycp2/.m2/repository/com/amazonaws/aws-java-sdk-s3/1.12.497/aws-java-sdk-s3-1.12.497.jar:/home/ycp2/.m2/repository/com/amazonaws/aws-java-sdk-kms/1.12.497/aws-java-sdk-kms-1.12.497.jar:/home/ycp2/.m2/repository/com/amazonaws/aws-java-sdk-core/1.12.497/aws-java-sdk-core-1.12.497.jar:/home/ycp2/.m2/repository/org/apache/httpcomponents/httpclient/4.5.13/httpclient-4.5.13.jar:/home/ycp2/.m2/repository/org/apache/httpcomponents/httpcore/4.4.11/httpcore-4.4.11.jar:/home/ycp2/.m2/repository/software/amazon/ion/ion-java/1.0.2/ion-java-1.0.2.jar:/home/ycp2/.m2/repository/com/fasterxml/jackson/dataformat/jackson-dataformat-cbor/2.12.7/jackson-dataformat-cbor-2.12.7.jar:/home/ycp2/.m2/repository/com/amazonaws/aws-java-sdk-sts/1.12.497/aws-java-sdk-sts-1.12.497.jar:/home/ycp2/.m2/repository/org/apache/druid/druid-gcp-common/28.0.0-SNAPSHOT/druid-gcp-common-28.0.0-SNAPSHOT.jar:/home/ycp2/.m2/repository/com/google/api-client/google-api-client/1.26.0/google-api-client-1.26.0.jar:/home/ycp2/.m2/repository/com/google/oauth-client/google-oauth-client/1.26.0/google-oauth-client-1.26.0.jar:/home/ycp2/.m2/repository/com/google/http-client/google-http-client-jackson2/1.26.0/google-http-client-jackson2-1.26.0.jar:/home/ycp2/.m2/repository/com/google/http-client/google-http-client/1.26.0/google-http-client-1.26.0.jar:/home/ycp2/.m2/repository/org/apache/zookeeper/zookeeper/3.5.10/zookeeper-3.5.10.jar:/home/ycp2/.m2/repository/org/apache/yetus/audience-annotations/0.5.0/audience-annotations-0.5.0.jar:/home/ycp2/.m2/repository/org/apache/zookeeper/zookeeper-jute/3.5.10/zookeeper-jute-3.5.10.jar:/home/ycp2/.m2/repository/org/apache/curator/curator-framework/5.5.0/curator-framework-5.5.0.jar:/home/ycp2/.m2/repository/org/apache/curator/curator-x-discovery/5.5.0/curator-x-discovery-5.5.0.jar:/home/ycp2/.m2/repository/com/fasterxml/jackson/jaxrs/jackson-jaxrs-json-provider/2.12.7/jackson-jaxrs-json-provider-2.12.7.jar:/home/ycp2/.m2/repository/com/fasterxml/jackson/jaxrs/jackson-jaxrs-base/2.12.7/jackson-jaxrs-base-2.12.7.jar:/home/ycp2/.m2/repository/com/fasterxml/jackson/module/jackson-module-jaxb-annotations/2.12.7/jackson-module-jaxb-annotations-2.12.7.jar:/home/ycp2/.m2/repository/jakarta/xml/bind/jakarta.xml.bind-api/2.3.2/jakarta.xml.bind-api-2.3.2.jar:/home/ycp2/.m2/repository/jakarta/activation/jakarta.activation-api/1.2.1/jakarta.activation-api-1.2.1.jar:/home/ycp2/.m2/repository/com/fasterxml/jackson/jaxrs/jackson-jaxrs-smile-provider/2.12.7/jackson-jaxrs-smile-provider-2.12.7.jar:/home/ycp2/.m2/repository/com/sun/jersey/jersey-server/1.19.4/jersey-server-1.19.4.jar:/home/ycp2/.m2/repository/com/sun/jersey/jersey-core/1.19.4/jersey-core-1.19.4.jar:/home/ycp2/.m2/repository/com/google/inject/extensions/guice-servlet/4.1.0/guice-servlet-4.1.0.jar:/home/ycp2/.m2/repository/com/sun/jersey/contribs/jersey-guice/1.19.4/jersey-guice-1.19.4.jar:/home/ycp2/.m2/repository/org/eclipse/jetty/jetty-server/9.4.51.v20230217/jetty-server-9.4.51.v20230217.jar:/home/ycp2/.m2/repository/org/eclipse/jetty/jetty-util/9.4.51.v20230217/jetty-util-9.4.51.v20230217.jar:/home/ycp2/.m2/repository/org/eclipse/jetty/jetty-proxy/9.4.51.v20230217/jetty-proxy-9.4.51.v20230217.jar:/home/ycp2/.m2/repository/org/eclipse/jetty/jetty-rewrite/9.4.51.v20230217/jetty-rewrite-9.4.51.v20230217.jar:/home/ycp2/.m2/repository/io/tesla/aether/tesla-aether/0.0.5/tesla-aether-0.0.5.jar:/home/ycp2/.m2/repository/org/eclipse/aether/aether-api/0.9.0.M2/aether-api-0.9.0.M2.jar:/home/ycp2/.m2/repository/org/eclipse/aether/aether-spi/0.9.0.M2/aether-spi-0.9.0.M2.jar:/home/ycp2/.m2/repository/org/eclipse/aether/aether-util/0.9.0.M2/aether-util-0.9.0.M2.jar:/home/ycp2/.m2/repository/org/eclipse/aether/aether-impl/0.9.0.M2/aether-impl-0.9.0.M2.jar:/home/ycp2/.m2/repository/org/eclipse/aether/aether-connector-file/0.9.0.M2/aether-connector-file-0.9.0.M2.jar:/home/ycp2/.m2/repository/io/tesla/aether/aether-connector-okhttp/0.0.9/aether-connector-okhttp-0.0.9.jar:/home/ycp2/.m2/repository/com/squareup/okhttp/okhttp/1.0.2/okhttp-1.0.2.jar:/home/ycp2/.m2/repository/org/apache/maven/wagon/wagon-provider-api/2.4/wagon-provider-api-2.4.jar:/home/ycp2/.m2/repository/org/apache/maven/maven-aether-provider/3.1.1/maven-aether-provider-3.1.1.jar:/home/ycp2/.m2/repository/org/apache/maven/maven-model/3.1.1/maven-model-3.1.1.jar:/home/ycp2/.m2/repository/org/apache/maven/maven-model-builder/3.1.1/maven-model-builder-3.1.1.jar:/home/ycp2/.m2/repository/org/apache/maven/maven-repository-metadata/3.1.1/maven-repository-metadata-3.1.1.jar:/home/ycp2/.m2/repository/org/apache/maven/maven-settings-builder/3.1.1/maven-settings-builder-3.1.1.jar:/home/ycp2/.m2/repository/org/codehaus/plexus/plexus-interpolation/1.19/plexus-interpolation-1.19.jar:/home/ycp2/.m2/repository/org/apache/maven/maven-settings/3.1.1/maven-settings-3.1.1.jar:/home/ycp2/.m2/repository/net/spy/spymemcached/2.12.3/spymemcached-2.12.3.jar:/home/ycp2/.m2/repository/org/eclipse/jetty/jetty-servlet/9.4.51.v20230217/jetty-servlet-9.4.51.v20230217.jar:/home/ycp2/.m2/repository/org/eclipse/jetty/jetty-security/9.4.51.v20230217/jetty-security-9.4.51.v20230217.jar:/home/ycp2/.m2/repository/org/eclipse/jetty/jetty-util-ajax/9.4.51.v20230217/jetty-util-ajax-9.4.51.v20230217.jar:/home/ycp2/.m2/repository/org/eclipse/jetty/jetty-servlets/9.4.51.v20230217/jetty-servlets-9.4.51.v20230217.jar:/home/ycp2/.m2/repository/org/eclipse/jetty/jetty-continuation/9.4.51.v20230217/jetty-continuation-9.4.51.v20230217.jar:/home/ycp2/.m2/repository/org/apache/derby/derby/10.14.2.0/derby-10.14.2.0.jar:/home/ycp2/.m2/repository/org/apache/derby/derbynet/10.14.2.0/derbynet-10.14.2.0.jar:/home/ycp2/.m2/repository/org/apache/derby/derbyclient/10.14.2.0/derbyclient-10.14.2.0.jar:/home/ycp2/.m2/repository/com/github/ben-manes/caffeine/caffeine/2.8.0/caffeine-2.8.0.jar:/home/ycp2/.m2/repository/org/apache/commons/commons-dbcp2/2.0.1/commons-dbcp2-2.0.1.jar:/home/ycp2/.m2/repository/org/apache/commons/commons-pool2/2.2/commons-pool2-2.2.jar:/home/ycp2/.m2/repository/org/apache/curator/curator-client/5.5.0/curator-client-5.5.0.jar:/home/ycp2/.m2/repository/commons-codec/commons-codec/1.13/commons-codec-1.13.jar:/home/ycp2/.m2/repository/org/eclipse/jetty/jetty-io/9.4.51.v20230217/jetty-io-9.4.51.v20230217.jar:/home/ycp2/.m2/repository/io/netty/netty-handler/4.1.94.Final/netty-handler-4.1.94.Final.jar:/home/ycp2/.m2/repository/io/netty/netty-resolver/4.1.94.Final/netty-resolver-4.1.94.Final.jar:/home/ycp2/.m2/repository/io/netty/netty-transport-native-unix-common/4.1.94.Final/netty-transport-native-unix-common-4.1.94.Final.jar:/home/ycp2/.m2/repository/org/apache/curator/curator-recipes/5.5.0/curator-recipes-5.5.0.jar:/home/ycp2/.m2/repository/com/sun/jersey/jersey-servlet/1.19.4/jersey-servlet-1.19.4.jar:/home/ycp2/.m2/repository/org/eclipse/jetty/jetty-client/9.4.51.v20230217/jetty-client-9.4.51.v20230217.jar:/home/ycp2/.m2/repository/javax/ws/rs/jsr311-api/1.1.1/jsr311-api-1.1.1.jar:/home/ycp2/.m2/repository/javax/servlet/javax.servlet-api/3.1.0/javax.servlet-api-3.1.0.jar:/home/ycp2/.m2/repository/org/eclipse/jetty/jetty-http/9.4.51.v20230217/jetty-http-9.4.51.v20230217.jar:/home/ycp2/.m2/repository/io/github/resilience4j/resilience4j-bulkhead/1.3.1/resilience4j-bulkhead-1.3.1.jar:/home/ycp2/.m2/repository/io/vavr/vavr/0.10.2/vavr-0.10.2.jar:/home/ycp2/.m2/repository/io/vavr/vavr-match/0.10.2/vavr-match-0.10.2.jar:/home/ycp2/.m2/repository/io/github/resilience4j/resilience4j-core/1.3.1/resilience4j-core-1.3.1.jar:/home/ycp2/.m2/repository/com/fasterxml/jackson/module/jackson-module-guice/2.12.7/jackson-module-guice-2.12.7.jar:/home/ycp2/.m2/repository/org/apache/commons/commons-lang3/3.12.0/commons-lang3-3.12.0.jar:/home/ycp2/.m2/repository/org/apache/druid/extensions/druid-avro-extensions/28.0.0-SNAPSHOT/druid-avro-extensions-28.0.0-SNAPSHOT.jar:/home/ycp2/.m2/repository/org/apache/avro/avro-mapred/1.11.1/avro-mapred-1.11.1.jar:/home/ycp2/.m2/repository/org/apache/avro/avro-ipc/1.11.1/avro-ipc-1.11.1.jar:/home/ycp2/.m2/repository/org/apache/velocity/velocity-engine-core/2.3/velocity-engine-core-2.3.jar:/home/ycp2/.m2/repository/javax/annotation/javax.annotation-api/1.3.2/javax.annotation-api-1.3.2.jar:/home/ycp2/.m2/repository/org/apache/avro/avro-ipc-jetty/1.11.1/avro-ipc-jetty-1.11.1.jar:/home/ycp2/.m2/repository/org/schemarepo/schema-repo-api/0.1.3/schema-repo-api-0.1.3.jar:/home/ycp2/.m2/repository/org/schemarepo/schema-repo-client/0.1.3/schema-repo-client-0.1.3.jar:/home/ycp2/.m2/repository/com/sun/jersey/jersey-client/1.19.4/jersey-client-1.19.4.jar:/home/ycp2/.m2/repository/org/schemarepo/schema-repo-avro/0.1.3/schema-repo-avro-0.1.3.jar:/home/ycp2/.m2/repository/io/confluent/kafka-schema-registry-client/5.5.12/kafka-schema-registry-client-5.5.12.jar:/home/ycp2/.m2/repository/org/apache/kafka/kafka-clients/5.5.12-ccs/kafka-clients-5.5.12-ccs.jar:/home/ycp2/.m2/repository/io/confluent/common-config/5.5.12/common-config-5.5.12.jar:/home/ycp2/.m2/repository/io/swagger/swagger-annotations/1.6.2/swagger-annotations-1.6.2.jar:/home/ycp2/.m2/repository/io/swagger/swagger-core/1.6.2/swagger-core-1.6.2.jar:/home/ycp2/.m2/repository/com/fasterxml/jackson/dataformat/jackson-dataformat-yaml/2.12.7/jackson-dataformat-yaml-2.12.7.jar:/home/ycp2/.m2/repository/org/yaml/snakeyaml/1.33/snakeyaml-1.33.jar:/home/ycp2/.m2/repository/io/swagger/swagger-models/1.6.2/swagger-models-1.6.2.jar:/home/ycp2/.m2/repository/io/confluent/common-utils/5.5.12/common-utils-5.5.12.jar:/home/ycp2/.m2/repository/org/schemarepo/schema-repo-common/0.1.3/schema-repo-common-0.1.3.jar:/home/ycp2/.m2/repository/com/google/code/gson/gson/2.3.1/gson-2.3.1.jar:/home/ycp2/.m2/repository/org/apache/parquet/parquet-column/1.13.0/parquet-column-1.13.0.jar:/home/ycp2/.m2/repository/org/apache/parquet/parquet-common/1.13.0/parquet-common-1.13.0.jar:/home/ycp2/.m2/repository/org/apache/parquet/parquet-encoding/1.13.0/parquet-encoding-1.13.0.jar:/home/ycp2/.m2/repository/org/apache/parquet/parquet-avro/1.13.0/parquet-avro-1.13.0.jar:/home/ycp2/.m2/repository/org/apache/parquet/parquet-hadoop/1.13.0/parquet-hadoop-1.13.0.jar:/home/ycp2/.m2/repository/org/apache/parquet/parquet-format-structures/1.13.0/parquet-format-structures-1.13.0.jar:/home/ycp2/.m2/repository/org/apache/parquet/parquet-jackson/1.13.0/parquet-jackson-1.13.0.jar:/home/ycp2/.m2/repository/org/xerial/snappy/snappy-java/1.1.10.3/snappy-java-1.1.10.3.jar:/home/ycp2/.m2/repository/io/airlift/aircompressor/0.21/aircompressor-0.21.jar:/home/ycp2/.m2/repository/org/apache/druid/druid-indexing-hadoop/28.0.0-SNAPSHOT/druid-indexing-hadoop-28.0.0-SNAPSHOT.jar:/home/ycp2/.m2/repository/com/google/code/findbugs/jsr305/2.0.1/jsr305-2.0.1.jar:/home/ycp2/.m2/repository/com/jayway/jsonpath/json-path/2.3.0/json-path-2.3.0.jar:/home/ycp2/.m2/repository/net/minidev/json-smart/2.4.11/json-smart-2.4.11.jar:/home/ycp2/.m2/repository/net/minidev/accessors-smart/2.4.11/accessors-smart-2.4.11.jar:/home/ycp2/.m2/repository/com/fasterxml/jackson/core/jackson-annotations/2.12.7/jackson-annotations-2.12.7.jar:/home/ycp2/.m2/repository/joda-time/joda-time/2.12.5/joda-time-2.12.5.jar:/home/ycp2/.m2/repository/com/google/inject/guice/4.1.0/guice-4.1.0.jar:/home/ycp2/.m2/repository/javax/inject/javax.inject/1/javax.inject-1.jar:/home/ycp2/.m2/repository/aopalliance/aopalliance/1.0/aopalliance-1.0.jar:/home/ycp2/.m2/repository/com/fasterxml/jackson/core/jackson-databind/2.12.7/jackson-databind-2.12.7.jar:/home/ycp2/.m2/repository/com/google/guava/guava/31.1-jre/guava-31.1-jre.jar:/home/ycp2/.m2/repository/com/google/guava/failureaccess/1.0.1/failureaccess-1.0.1.jar:/home/ycp2/.m2/repository/com/google/j2objc/j2objc-annotations/1.3/j2objc-annotations-1.3.jar:/home/ycp2/.m2/repository/org/apache/directory/api/api-util/2.1.3/api-util-2.1.3.jar:/home/ycp2/.m2/repository/org/apache/directory/api/api-i18n/2.1.3/api-i18n-2.1.3.jar:/home/ycp2/.m2/repository/org/apache/avro/avro/1.11.1/avro-1.11.1.jar:/home/ycp2/.m2/repository/junit/junit/4.13.2/junit-4.13.2.jar:/home/ycp2/.m2/repository/org/hamcrest/hamcrest-core/1.3/hamcrest-core-1.3.jar:/home/ycp2/.m2/repository/org/apache/druid/druid-processing/28.0.0-SNAPSHOT/druid-processing-28.0.0-SNAPSHOT-tests.jar:/home/ycp2/.m2/repository/org/json/json/20210307/json-20210307.jar:/home/ycp2/.m2/repository/org/skyscreamer/jsonassert/1.5.1/jsonassert-1.5.1.jar:/home/ycp2/.m2/repository/com/vaadin/external/google/android-json/0.0.20131108.vaadin1/android-json-0.0.20131108.vaadin1.jar:/home/ycp2/.m2/repository/org/apache/hadoop/hadoop-client-api/3.3.6/hadoop-client-api-3.3.6.jar:/home/ycp2/.m2/repository/org/apache/hadoop/hadoop-client-runtime/3.3.6/hadoop-client-runtime-3.3.6.jar:/home/ycp2/.m2/repository/commons-logging/commons-logging/1.1.1/commons-logging-1.1.1.jar:"/>
    <property name="test" value="org.apache.druid.data.input.parquet.TimestampsParquetReaderTest#testDateHandling"/>
    <property name="sun.cpu.endian" value="little"/>
    <property name="nondexExecid" value="bCq+MTTFD9hNxBC+pXYbJwAT9cSMzJ4UWDQhoTnyh98="/>
    <property name="user.home" value="/home/ycp2"/>
    <property name="user.language" value="en"/>
    <property name="java.specification.vendor" value="Oracle Corporation"/>
    <property name="java.version.date" value="2023-08-24"/>
    <property name="java.home" value="/usr/lib/jvm/java-11-openjdk-amd64"/>
    <property name="git.total.commit.count" value="13139"/>
    <property name="basedir" value="/home/ycp2/druid/extensions-core/parquet-extensions"/>
    <property name="file.separator" value="/"/>
    <property name="java.vm.compressedOopsMode" value="32-bit"/>
    <property name="line.separator" value="&#10;"/>
    <property name="nondexEnd" value="9223372036854775807"/>
    <property name="checkstyle.skip" value="true"/>
    <property name="user.GroupByQueryRunnerTest.javacountry" value="US"/>
    <property name="git.commit.committer.time" value="2023-08-25T02:47:38+0000"/>
    <property name="java.vm.specification.vendor" value="Oracle Corporation"/>
    <property name="java.specification.name" value="Java Platform API Specification"/>
    <property name="java.awt.graphicsenv" value="sun.awt.X11GraphicsEnvironment"/>
    <property name="nondexFilter" value=".*"/>
    <property name="git.local.branch.ahead" value="NO_REMOTE"/>
    <property name="git.build.time" value="2022-02-17T22:08:13+0000"/>
    <property name="nondexSeed" value="4165810"/>
    <property name="surefire.real.class.path" value="/home/ycp2/druid/extensions-core/parquet-extensions/target/surefire/surefirebooter-20230901200845316_319.jar"/>
    <property name="druid.test.stupidPool.poison" value="true"/>
    <property name="sun.management.compiler" value="HotSpot 64-Bit Tiered Compilers"/>
    <property name="java.runtime.version" value="11.0.20.1+1-post-Ubuntu-0ubuntu120.04"/>
    <property name="user.name" value="ycp2"/>
    <property name="path.separator" value=":"/>
    <property name="os.version" value="5.4.0-159-generic"/>
    <property name="java.runtime.name" value="OpenJDK Runtime Environment"/>
    <property name="file.encoding" value="UTF-8"/>
    <property name="java.vm.name" value="OpenJDK 64-Bit Server VM"/>
    <property name="git.local.branch.behind" value="NO_REMOTE"/>
    <property name="localRepository" value="/home/ycp2/.m2/repository"/>
    <property name="nondexDir" value="/home/ycp2/druid/extensions-core/parquet-extensions/.nondex"/>
    <property name="nondexJarDir" value="/home/ycp2/druid/extensions-core/parquet-extensions/.nondex"/>
    <property name="java.vendor.url.bug" value="https://bugs.launchpad.net/ubuntu/+source/openjdk-lts"/>
    <property name="java.io.tmpdir" value="/tmp"/>
    <property name="java.version" value="11.0.20.1"/>
    <property name="user.dir" value="/home/ycp2/druid/extensions-core/parquet-extensions"/>
    <property name="os.arch" value="amd64"/>
    <property name="nondexMode" value="FULL"/>
    <property name="java.vm.specification.name" value="Java Virtual Machine Specification"/>
    <property name="java.awt.printerjob" value="sun.print.PSPrinterJob"/>
    <property name="sun.os.patch.level" value="unknown"/>
    <property name="git.commit.id.describe" value="ad32f84-dirty"/>
    <property name="java.util.logging.manager" value="org.apache.logging.log4j.jul.LogManager"/>
    <property name="java.library.path" value="/usr/java/packages/lib:/usr/lib/x86_64-linux-gnu/jni:/lib/x86_64-linux-gnu:/usr/lib/x86_64-linux-gnu:/usr/lib/jni:/lib:/usr/lib"/>
    <property name="java.vm.info" value="mixed mode"/>
    <property name="aws.region" value="us-east-1"/>
    <property name="java.vendor" value="Ubuntu"/>
    <property name="java.vm.version" value="11.0.20.1+1-post-Ubuntu-0ubuntu120.04"/>
    <property name="java.specification.maintenance.version" value="2"/>
    <property name="sun.io.unicode.encoding" value="UnicodeLittle"/>
    <property name="java.class.version" value="55.0"/>
    <property name="git.commit.time" value="2023-08-25T02:47:38+0000"/>
    <property name="git.remote.origin.url" value="https://github.com/CaseyPan/druid.git"/>
  </properties>
  <testcase name="testDateHandling" classname="org.apache.druid.data.input.parquet.TimestampsParquetReaderTest" time="2.338"/>
</testsuite>